<?xml version="1.0" encoding="UTF-8"?>
<!-- Generated by org.testng.reporters.JUnitXMLReporter -->
<testsuite ignored="0" hostname="DESKTOP-QLPIVJU" failures="1" tests="8" name="Car Loan" time="0.131" errors="0" timestamp="2022-09-19T19:17:51 TRT">
  <testcase classname="Testler.day3" name="ApLogin" time="0.002"/>
  <testcase classname="Testler.day3" name="webLogin" time="0.018">
    <failure type="java.lang.AssertionError" message="expected [true] but found [false]">
      <![CDATA[java.lang.AssertionError: expected [true] but found [false]
at Testler.day3.webLogin(day3.java:13)
at java.base/java.util.concurrent.ThreadPoolExecutor.runWorker(ThreadPoolExecutor.java:1136)
at java.base/java.util.concurrent.ThreadPoolExecutor$Worker.run(ThreadPoolExecutor.java:635)
at java.base/java.lang.Thread.run(Thread.java:833)
... Removed 14 stack frames]]>
    </failure>
  </testcase> <!-- webLogin -->
  <testcase classname="Testler.day3" name="MobileLogOut" time="0.009"/>
  <testcase classname="Testler.day3" name="MobileLogin" time="0.001"/>
  <testcase classname="Testler.day3" name="MobileLogin" time="0.001"/>
  <testcase classname="Testler.day3" name="MobileLogin" time="0.001"/>
  <testcase classname="Testler.day3" name="MobileSignin" time="0.001"/>
  <testcase classname="Testler.day3" name="APIcarLoan" time="0.001">
    <skipped/>
  </testcase> <!-- APIcarLoan -->
</testsuite> <!-- Car Loan -->
