<?xml version="1.0" encoding="UTF-8"?>
<!-- Generated by org.testng.reporters.JUnitXMLReporter -->
<testsuite ignored="2" hostname="DESKTOP-QLPIVJU" failures="0" tests="2" name="Personel Loan" time="0.059" errors="0" timestamp="2022-09-19T19:17:51 TRT">
  <testcase classname="Testler.day1" name="Demo" time="0.006"/>
  <testcase classname="Testler.day2" name="Demo" time="0.001"/>
  <testcase classname="Testler.day1" name="SecondTest" time="0.0">
    <ignored/>
  </testcase> <!-- SecondTest -->
  <testcase classname="Testler.day2" name="SecondTest" time="0.0">
    <ignored/>
  </testcase> <!-- SecondTest -->
</testsuite> <!-- Personel Loan -->
